
> ecommerce-backend@1.0.0 dev
> nodemon --exec "ts-node --transpile-only src/index.ts"

[33m[nodemon] 3.1.14[39m
[33m[nodemon] to restart at any time, enter `rs`[39m
[33m[nodemon] watching path(s): src\**\*[39m
[33m[nodemon] watching extensions: ts,json[39m
[32m[nodemon] starting `ts-node --transpile-only src/index.ts`[39m
✅  MongoDB connected: ac-cvb7rga-shard-00-00.a5sc0rp.mongodb.net

🚀  API running on :5050  [development]
📦  Synced productCount for 4 categories
[0mGET /health [32m200[0m 2.950 ms - 43[0m
[31m[nodemon] app crashed - waiting for file changes before starting...[39m
[32m[nodemon] restarting due to changes...[39m
[32m[nodemon] starting `ts-node --transpile-only src/index.ts`[39m
[32m[nodemon] restarting due to changes...[39m
[32m[nodemon] starting `ts-node --transpile-only src/index.ts`[39m
✅  MongoDB connected: ac-cvb7rga-shard-00-00.a5sc0rp.mongodb.net
[31m[nodemon] app crashed - waiting for file changes before starting...[39m
[32m[nodemon] restarting due to changes...[39m
[32m[nodemon] starting `ts-node --transpile-only src/index.ts`[39m
[32m[nodemon] restarting due to changes...[39m
[32m[nodemon] starting `ts-node --transpile-only src/index.ts`[39m
✅  MongoDB connected: ac-cvb7rga-shard-00-00.a5sc0rp.mongodb.net

🚀  API running on :5050  [development]
📦  Synced productCount for 4 categories
[0mGET /health [32m200[0m 3.134 ms - 43[0m
[31m[nodemon] app crashed - waiting for file changes before starting...[39m
