
> ecommerce-backend@1.0.0 dev
> nodemon --exec "ts-node --transpile-only src/index.ts"

[33m[nodemon] 3.1.14[39m
[33m[nodemon] to restart at any time, enter `rs`[39m
[33m[nodemon] watching path(s): src\**\*[39m
[33m[nodemon] watching extensions: ts,json[39m
[32m[nodemon] starting `ts-node --transpile-only src/index.ts`[39m
✅  MongoDB connected: ac-cvb7rga-shard-00-00.a5sc0rp.mongodb.net

🚀  API running on :5050  [development]
📦  Synced productCount for 4 categories
[0mGET /health [32m200[0m 3.124 ms - 43[0m
[0mOPTIONS /api/auth/login [32m204[0m 1.008 ms - 0[0m
[0mPOST /api/auth/login [33m401[0m 331.157 ms - 235[0m
[0mPOST /api/auth/login [32m200[0m 303.554 ms - 572[0m
[0mOPTIONS /api/categories [32m204[0m 0.363 ms - 0[0m
[0mOPTIONS /api/products/featured?limit=10 [32m204[0m 0.234 ms - 0[0m
[0mOPTIONS /api/products?limit=10&sortBy=newest [32m204[0m 0.403 ms - 0[0m
[0mOPTIONS /api/banners [32m204[0m 0.176 ms - 0[0m
[0mGET /api/categories [32m200[0m 59.587 ms - 943[0m
[0mGET /api/banners [36m304[0m 63.642 ms - -[0m
[0mGET /api/products/featured?limit=10 [32m200[0m 121.435 ms - -[0m
[0mGET /api/products?limit=10&sortBy=newest [32m200[0m 122.316 ms - -[0m
[0mOPTIONS /api/orders/me?page=1 [32m204[0m 0.399 ms - 0[0m
[0mGET /api/orders/me?page=1 [32m200[0m 116.573 ms - 974[0m
[32m[nodemon] restarting due to changes...[39m
[32m[nodemon] starting `ts-node --transpile-only src/index.ts`[39m
[32m[nodemon] restarting due to changes...[39m
[32m[nodemon] starting `ts-node --transpile-only src/index.ts`[39m
✅  MongoDB connected: ac-cvb7rga-shard-00-00.a5sc0rp.mongodb.net
[31m[nodemon] app crashed - waiting for file changes before starting...[39m
[32m[nodemon] restarting due to changes...[39m
[32m[nodemon] starting `ts-node --transpile-only src/index.ts`[39m
[32m[nodemon] restarting due to changes...[39m
[32m[nodemon] starting `ts-node --transpile-only src/index.ts`[39m
✅  MongoDB connected: ac-cvb7rga-shard-00-00.a5sc0rp.mongodb.net
[31m[nodemon] app crashed - waiting for file changes before starting...[39m
[32m[nodemon] restarting due to changes...[39m
[32m[nodemon] starting `ts-node --transpile-only src/index.ts`[39m
✅  MongoDB connected: ac-cvb7rga-shard-00-00.a5sc0rp.mongodb.net
[31m[nodemon] app crashed - waiting for file changes before starting...[39m
